2005/02/14 14:42:24 jChatBox.Util.Debug => 2.6
2005/02/14 14:42:24 jChatBox Init() ... => /www/area-teste/webapps/chat/WEB-INF/conf/jchatbox.xml
2005/02/14 14:42:24 jChatBox.Util.XMLConfig => jChatBox.Chat.Filter.HTMLFilter loaded
2005/02/14 14:42:24 jChatBox.Util.XMLConfig => jChatBox.Chat.Filter.URLFilter loaded
2005/02/14 14:42:24 jChatBox.Util.XMLConfig => jChatBox.Chat.Transcript.TextDump loaded
2005/02/14 14:42:24 jChatBox.Util.XMLConfig => resources_sv.xml loaded
2005/02/14 14:42:24 jChatBox.Util.XMLConfig => resources_fr.xml loaded
2005/02/14 14:42:24 jChatBox.Util.XMLConfig => resources_pt.xml loaded
2005/02/14 14:42:24 jChatBox.Util.XMLConfig => resources_en.xml loaded
2005/02/14 14:42:24 jChatBox.Util.XMLConfig => resources_da.xml loaded
2005/02/14 14:42:24 jChatBox.Util.XMLConfig => resources_de.xml loaded
2005/02/14 14:42:24 jChatBox.Util.XMLConfig => resources_es.xml loaded
2005/02/14 14:42:24 jChatBox.Util.XMLConfig => resources_nl.xml loaded
2005/02/14 14:42:28 jChatBox.Util.XMLConfig => /www/area-teste/webapps/chat/WEB-INF/conf/jchatbox.ser read
2005/02/14 14:42:28 jChatBox.Chat.ChatroomManager => Chatrooms loaded.
2005/02/14 14:42:28 jChatBox.Chat.Chatroom => reOpen : sala1
2005/02/14 14:42:28 jChatBox.Chat.Chatroom => reOpen : sala3
2005/02/14 14:42:28 jChatBox.Chat.Chatroom => reOpen : sala2
2005/02/14 14:42:28 jChatBox.Chat.Chatroom => reOpen : sala4
2005/02/14 14:42:28 jChatBox.Chat.Chatroom => reOpen : sala5
2005/02/14 14:42:28 jChatBox.Chat.Chatroom => reOpen : sala6
2005/02/14 14:42:29 jChatBox.Chat.ChatroomUser => ChatroomUser bounded : daniel (192.168.0.120)
2005/02/14 14:43:50 jChatBox.Chat.ChatroomUser => ChatroomUser unbounded : daniel (192.168.0.120)
2005/02/14 15:13:32 jChatBox destroy() ... => 
2005/02/14 15:13:32 jChatBox.Util.XMLConfig => Cannot write (/www/area-teste/webapps/chat/WEB-INF/conf/jchatbox.ser) : /www/area-teste/webapps/chat/WEB-INF/conf/jchatbox.ser (No such file or directory)
2005/02/14 15:13:32 jChatBox.Chat.ChatroomManager => Chatrooms Backup done.
