2004/10/29 16:08:38 jChatBox.Util.Debug => 2.6
2004/10/29 16:08:38 jChatBox Init() ... => /www/im/webapps/chat/WEB-INF/conf/jchatbox.xml
2004/10/29 16:08:38 jChatBox.Util.XMLConfig => jChatBox.Chat.Filter.HTMLFilter loaded
2004/10/29 16:08:38 jChatBox.Util.XMLConfig => jChatBox.Chat.Filter.URLFilter loaded
2004/10/29 16:08:38 jChatBox.Util.XMLConfig => jChatBox.Chat.Transcript.TextDump loaded
2004/10/29 16:08:38 jChatBox.Util.XMLConfig => resources_sv.xml loaded
2004/10/29 16:08:38 jChatBox.Util.XMLConfig => resources_fr.xml loaded
2004/10/29 16:08:38 jChatBox.Util.XMLConfig => resources_pt.xml loaded
2004/10/29 16:08:38 jChatBox.Util.XMLConfig => resources_en.xml loaded
2004/10/29 16:08:38 jChatBox.Util.XMLConfig => resources_da.xml loaded
2004/10/29 16:08:38 jChatBox.Util.XMLConfig => resources_de.xml loaded
2004/10/29 16:08:38 jChatBox.Util.XMLConfig => resources_es.xml loaded
2004/10/29 16:08:38 jChatBox.Util.XMLConfig => resources_nl.xml loaded
2004/10/29 16:10:34 jChatBox.Chat.ChatroomUser => ChatroomUser bounded : system (192.168.0.6)
2004/10/29 16:10:36 jChatBox.Util.XMLConfig => /www/im/webapps/chat/WEB-INF/conf/jchatbox.ser not found (1099073436735) : /www/im/webapps/chat/WEB-INF/conf/jchatbox.ser (No such file or directory)
2004/10/29 16:10:36 jChatBox.Chat.ChatroomManager => Ready for new chatrooms.
2004/10/29 16:10:36 jChatBox.Chat.ChatroomManager => ChatroomManager instantied
2004/10/29 16:11:15 jChatBox.Chat.Chatroom => New Chatroom : sala1/sala1/20
2004/10/29 16:11:15 jChatBox.Chat.Chatroom => Open : sala1
2004/10/29 16:11:32 jChatBox.Chat.Chatroom => New Chatroom : sala2/sala2/20
2004/10/29 16:11:32 jChatBox.Chat.Chatroom => Open : sala2
2004/10/29 16:11:47 jChatBox.Chat.Chatroom => New Chatroom : sala3/sala3/20
2004/10/29 16:11:47 jChatBox.Chat.Chatroom => Open : sala3
2004/10/29 16:12:32 jChatBox.Util.XMLConfig => Registration :freefornoncommercial
2004/10/29 16:13:10 jChatBox.Chat.ChatroomManager => Chatroom removed : sala2
2004/10/29 16:13:32 jChatBox.Chat.Chatroom => New Chatroom : sala2/sala2/20
2004/10/29 16:13:32 jChatBox.Chat.Chatroom => Open : sala2
2004/10/29 16:13:51 jChatBox.Chat.Chatroom => New Chatroom : sala4/sala4/20
2004/10/29 16:13:51 jChatBox.Chat.Chatroom => Open : sala4
2004/10/29 16:14:15 jChatBox.Chat.Chatroom => New Chatroom : sala5/sala5/20
2004/10/29 16:14:15 jChatBox.Chat.Chatroom => Open : sala5
2004/10/29 16:14:37 jChatBox.Chat.Chatroom => New Chatroom : sala6/sala6/20
2004/10/29 16:14:37 jChatBox.Chat.Chatroom => Open : sala6
2004/10/29 16:14:52 jChatBox.Util.XMLConfig => /www/im/webapps/chat/WEB-INF/conf/jchatbox.ser written
2004/10/29 16:14:52 jChatBox.Command.UserCommand => Backup Chatrooms
2004/10/29 16:14:53 jChatBox.Util.XMLConfig => Registration :freefornoncommercial
2004/10/29 16:15:46 jChatBox.Chat.ChatroomUser => ChatroomUser bounded : Daniel (192.168.0.6)
2004/10/29 16:15:46 jChatBox.Chat.ChatroomUser => ChatroomUser unbounded : system (192.168.0.6)
2004/10/29 16:15:56 jChatBox.Chat.ChatroomUser => ChatroomUser unbounded : Daniel (192.168.0.6)
2004/10/29 16:51:51 jChatBox destroy() ... => 
2004/10/29 16:51:51 jChatBox.Util.XMLConfig => /www/im/webapps/chat/WEB-INF/conf/jchatbox.ser written
2004/10/29 16:51:51 jChatBox.Chat.ChatroomManager => Chatrooms Backup done.
