2004/12/06 10:37:20 jChatBox.Util.Debug => 2.6
2004/12/06 10:37:20 jChatBox Init() ... => /www/im/webapps/chatsdpastores/WEB-INF/conf/jchatbox.xml
2004/12/06 10:37:20 jChatBox.Util.XMLConfig => jChatBox.Chat.Filter.HTMLFilter loaded
2004/12/06 10:37:20 jChatBox.Util.XMLConfig => jChatBox.Chat.Filter.URLFilter loaded
2004/12/06 10:37:20 jChatBox.Util.XMLConfig => jChatBox.Chat.Transcript.TextDump loaded
2004/12/06 10:37:20 jChatBox.Util.XMLConfig => resources_sv.xml loaded
2004/12/06 10:37:20 jChatBox.Util.XMLConfig => resources_fr.xml loaded
2004/12/06 10:37:20 jChatBox.Util.XMLConfig => resources_pt.xml loaded
2004/12/06 10:37:21 jChatBox.Util.XMLConfig => resources_en.xml loaded
2004/12/06 10:37:21 jChatBox.Util.XMLConfig => resources_da.xml loaded
2004/12/06 10:37:21 jChatBox.Util.XMLConfig => resources_de.xml loaded
2004/12/06 10:37:21 jChatBox.Util.XMLConfig => resources_es.xml loaded
2004/12/06 10:37:21 jChatBox.Util.XMLConfig => resources_nl.xml loaded
2004/12/06 10:57:34 jChatBox.Util.XMLConfig => /www/im/webapps/chatsdpastores/WEB-INF/conf/jchatbox.ser read
2004/12/06 10:57:34 jChatBox.Chat.ChatroomManager => Chatrooms loaded.
2004/12/06 10:57:34 jChatBox.Chat.Chatroom => reOpen : sala1
2004/12/06 10:57:34 jChatBox.Chat.Chatroom => reOpen : sala3
2004/12/06 10:57:34 jChatBox.Chat.Chatroom => reOpen : sala2
2004/12/06 10:57:34 jChatBox.Chat.Chatroom => reOpen : sala4
2004/12/06 10:57:34 jChatBox.Chat.Chatroom => reOpen : sala5
2004/12/06 10:57:34 jChatBox.Chat.Chatroom => reOpen : sala6
2004/12/06 11:25:10 jChatBox destroy() ... => 
2004/12/06 11:25:10 jChatBox.Util.XMLConfig => /www/im/webapps/chatsdpastores/WEB-INF/conf/jchatbox.ser written
2004/12/06 11:25:10 jChatBox.Chat.ChatroomManager => Chatrooms Backup done.
