2005/02/14 15:13:36 jChatBox.Util.Debug => 2.6
2005/02/14 15:13:36 jChatBox Init() ... => /www/area-teste/webapps/ROOT/WEB-INF/conf/jchatbox.xml
2005/02/14 15:13:36 jChatBox.Util.XMLConfig => jChatBox.Chat.Filter.HTMLFilter loaded
2005/02/14 15:13:36 jChatBox.Util.XMLConfig => jChatBox.Chat.Filter.URLFilter loaded
2005/02/14 15:13:36 jChatBox.Util.XMLConfig => jChatBox.Chat.Transcript.TextDump loaded
2005/02/14 15:13:36 jChatBox.Util.XMLConfig => resources_sv.xml loaded
2005/02/14 15:13:36 jChatBox.Util.XMLConfig => resources_fr.xml loaded
2005/02/14 15:13:36 jChatBox.Util.XMLConfig => resources_pt.xml loaded
2005/02/14 15:13:36 jChatBox.Util.XMLConfig => resources_en.xml loaded
2005/02/14 15:13:36 jChatBox.Util.XMLConfig => resources_da.xml loaded
2005/02/14 15:13:36 jChatBox.Util.XMLConfig => resources_de.xml loaded
2005/02/14 15:13:36 jChatBox.Util.XMLConfig => resources_es.xml loaded
2005/02/14 15:13:36 jChatBox.Util.XMLConfig => resources_nl.xml loaded
2005/02/14 15:16:20 jChatBox destroy() ... => 
2005/02/14 15:16:20 jChatBox.Util.XMLConfig => /www/area-teste/webapps/ROOT/WEB-INF/conf/jchatbox.ser read
2005/02/14 15:16:20 jChatBox.Chat.ChatroomManager => Chatrooms loaded.
2005/02/14 15:16:20 jChatBox.Chat.Chatroom => reOpen : sala1
2005/02/14 15:16:20 jChatBox.Chat.Chatroom => reOpen : sala3
2005/02/14 15:16:20 jChatBox.Chat.Chatroom => reOpen : sala2
2005/02/14 15:16:20 jChatBox.Chat.Chatroom => reOpen : sala4
2005/02/14 15:16:20 jChatBox.Chat.Chatroom => reOpen : sala5
2005/02/14 15:16:20 jChatBox.Chat.Chatroom => reOpen : sala6
2005/02/14 15:16:20 jChatBox.Util.XMLConfig => /www/area-teste/webapps/ROOT/WEB-INF/conf/jchatbox.ser written
2005/02/14 15:16:20 jChatBox.Chat.ChatroomManager => Chatrooms Backup done.
