2004/11/01 17:57:23 jChatBox.Util.Debug => 2.6
2004/11/01 17:57:23 jChatBox Init() ... => /www/im/webapps/chat/WEB-INF/conf/jchatbox.xml
2004/11/01 17:57:23 jChatBox.Util.XMLConfig => jChatBox.Chat.Filter.HTMLFilter loaded
2004/11/01 17:57:23 jChatBox.Util.XMLConfig => jChatBox.Chat.Filter.URLFilter loaded
2004/11/01 17:57:23 jChatBox.Util.XMLConfig => jChatBox.Chat.Transcript.TextDump loaded
2004/11/01 17:57:23 jChatBox.Util.XMLConfig => resources_sv.xml loaded
2004/11/01 17:57:23 jChatBox.Util.XMLConfig => resources_fr.xml loaded
2004/11/01 17:57:23 jChatBox.Util.XMLConfig => resources_pt.xml loaded
2004/11/01 17:57:23 jChatBox.Util.XMLConfig => resources_en.xml loaded
2004/11/01 17:57:23 jChatBox.Util.XMLConfig => resources_da.xml loaded
2004/11/01 17:57:23 jChatBox.Util.XMLConfig => resources_de.xml loaded
2004/11/01 17:57:23 jChatBox.Util.XMLConfig => resources_es.xml loaded
2004/11/01 17:57:23 jChatBox.Util.XMLConfig => resources_nl.xml loaded
2004/11/01 18:20:42 jChatBox destroy() ... => 
2004/11/01 18:20:42 jChatBox.Util.XMLConfig => /www/im/webapps/chat/WEB-INF/conf/jchatbox.ser read
2004/11/01 18:20:42 jChatBox.Chat.ChatroomManager => Chatrooms loaded.
2004/11/01 18:20:42 jChatBox.Chat.Chatroom => reOpen : sala1
2004/11/01 18:20:42 jChatBox.Chat.Chatroom => reOpen : sala3
2004/11/01 18:20:42 jChatBox.Chat.Chatroom => reOpen : sala2
2004/11/01 18:20:42 jChatBox.Chat.Chatroom => reOpen : sala4
2004/11/01 18:20:42 jChatBox.Chat.Chatroom => reOpen : sala5
2004/11/01 18:20:42 jChatBox.Chat.Chatroom => reOpen : sala6
2004/11/01 18:20:42 jChatBox.Util.XMLConfig => /www/im/webapps/chat/WEB-INF/conf/jchatbox.ser written
2004/11/01 18:20:42 jChatBox.Chat.ChatroomManager => Chatrooms Backup done.
